Performing C SOURCE FILE Test CMAKE_HAVE_LIBC_PTHREAD failed with the following output:
Change Dir: /home/han/mygit/DeepBlueAcademy/HW4/imlsMatcherProject/src/champion_nav_msgs/build/CMakeFiles/CMakeTmp

Run Build Command(s):/usr/bin/make cmTC_426ab/fast && /usr/bin/make -f CMakeFiles/cmTC_426ab.dir/build.make CMakeFiles/cmTC_426ab.dir/build
make[1]: Entering directory '/home/han/mygit/DeepBlueAcademy/HW4/imlsMatcherProject/src/champion_nav_msgs/build/CMakeFiles/CMakeTmp'
Building C object CMakeFiles/cmTC_426ab.dir/src.c.o
/usr/bin/cc   -DCMAKE_HAVE_LIBC_PTHREAD   -o CMakeFiles/cmTC_426ab.dir/src.c.o   -c /home/han/mygit/DeepBlueAcademy/HW4/imlsMatcherProject/src/champion_nav_msgs/build/CMakeFiles/CMakeTmp/src.c
Linking C executable cmTC_426ab
/usr/local/bin/cmake -E cmake_link_script CMakeFiles/cmTC_426ab.dir/link.txt --verbose=1
/usr/bin/cc  -DCMAKE_HAVE_LIBC_PTHREAD    -rdynamic CMakeFiles/cmTC_426ab.dir/src.c.o  -o cmTC_426ab 
CMakeFiles/cmTC_426ab.dir/src.c.o: In function `main':
src.c:(.text+0x3e): undefined reference to `pthread_create'
src.c:(.text+0x4a): undefined reference to `pthread_detach'
src.c:(.text+0x56): undefined reference to `pthread_cancel'
src.c:(.text+0x67): undefined reference to `pthread_join'
src.c:(.text+0x7b): undefined reference to `pthread_atfork'
collect2: error: ld returned 1 exit status
CMakeFiles/cmTC_426ab.dir/build.make:103: recipe for target 'cmTC_426ab' failed
make[1]: *** [cmTC_426ab] Error 1
make[1]: Leaving directory '/home/han/mygit/DeepBlueAcademy/HW4/imlsMatcherProject/src/champion_nav_msgs/build/CMakeFiles/CMakeTmp'
Makefile:138: recipe for target 'cmTC_426ab/fast' failed
make: *** [cmTC_426ab/fast] Error 2


Source file was:
#include <pthread.h>

void* test_func(void* data)
{
  return data;
}

int main(void)
{
  pthread_t thread;
  pthread_create(&thread, NULL, test_func, NULL);
  pthread_detach(thread);
  pthread_cancel(thread);
  pthread_join(thread, NULL);
  pthread_atfork(NULL, NULL, NULL);
  pthread_exit(NULL);

  return 0;
}

Determining if the function pthread_create exists in the pthreads failed with the following output:
Change Dir: /home/han/mygit/DeepBlueAcademy/HW4/imlsMatcherProject/src/champion_nav_msgs/build/CMakeFiles/CMakeTmp

Run Build Command(s):/usr/bin/make cmTC_0ea4d/fast && /usr/bin/make -f CMakeFiles/cmTC_0ea4d.dir/build.make CMakeFiles/cmTC_0ea4d.dir/build
make[1]: Entering directory '/home/han/mygit/DeepBlueAcademy/HW4/imlsMatcherProject/src/champion_nav_msgs/build/CMakeFiles/CMakeTmp'
Building C object CMakeFiles/cmTC_0ea4d.dir/CheckFunctionExists.c.o
/usr/bin/cc   -DCHECK_FUNCTION_EXISTS=pthread_create   -o CMakeFiles/cmTC_0ea4d.dir/CheckFunctionExists.c.o   -c /usr/local/share/cmake-3.17/Modules/CheckFunctionExists.c
Linking C executable cmTC_0ea4d
/usr/local/bin/cmake -E cmake_link_script CMakeFiles/cmTC_0ea4d.dir/link.txt --verbose=1
/usr/bin/cc  -DCHECK_FUNCTION_EXISTS=pthread_create    -rdynamic CMakeFiles/cmTC_0ea4d.dir/CheckFunctionExists.c.o  -o cmTC_0ea4d  -lpthreads 
/usr/bin/ld: cannot find -lpthreads
collect2: error: ld returned 1 exit status
CMakeFiles/cmTC_0ea4d.dir/build.make:103: recipe for target 'cmTC_0ea4d' failed
make[1]: *** [cmTC_0ea4d] Error 1
make[1]: Leaving directory '/home/han/mygit/DeepBlueAcademy/HW4/imlsMatcherProject/src/champion_nav_msgs/build/CMakeFiles/CMakeTmp'
Makefile:138: recipe for target 'cmTC_0ea4d/fast' failed
make: *** [cmTC_0ea4d/fast] Error 2



